0 info it worked if it ends with ok
1 verbose cli [ '/usr/local/bin/node',
1 verbose cli   '/Users/treyhuffine/.npm-packages/bin/npm',
1 verbose cli   'publish' ]
2 info using npm@4.0.2
3 info using node@v7.10.0
4 verbose publish [ '.' ]
5 silly cache add args [ '.', null ]
6 verbose cache add spec .
7 silly cache add parsed spec Result {
7 silly cache add   raw: '.',
7 silly cache add   scope: null,
7 silly cache add   escapedName: null,
7 silly cache add   name: null,
7 silly cache add   rawSpec: '.',
7 silly cache add   spec: '/Users/treyhuffine/workspace/is-react',
7 silly cache add   type: 'directory' }
8 verbose addLocalDirectory /Users/treyhuffine/.npm/is-react/0.1.1/package.tgz not in flight; packing
9 verbose correctMkdir /Users/treyhuffine/.npm correctMkdir not in flight; initializing
10 info lifecycle is-react@0.1.1~prepublish: is-react@0.1.1
11 silly lifecycle is-react@0.1.1~prepublish: no script for prepublish, continuing
12 info lifecycle is-react@0.1.1~prepare: is-react@0.1.1
13 silly lifecycle is-react@0.1.1~prepare: no script for prepare, continuing
14 verbose tar pack [ '/Users/treyhuffine/.npm/is-react/0.1.1/package.tgz',
14 verbose tar pack   '/Users/treyhuffine/workspace/is-react' ]
15 verbose tarball /Users/treyhuffine/.npm/is-react/0.1.1/package.tgz
16 verbose folder /Users/treyhuffine/workspace/is-react
17 verbose addLocalTarball adding from inside cache /Users/treyhuffine/.npm/is-react/0.1.1/package.tgz
18 verbose correctMkdir /Users/treyhuffine/.npm correctMkdir not in flight; initializing
19 silly cache afterAdd is-react@0.1.1
20 verbose afterAdd /Users/treyhuffine/.npm/is-react/0.1.1/package/package.json not in flight; writing
21 verbose correctMkdir /Users/treyhuffine/.npm correctMkdir not in flight; initializing
22 verbose afterAdd /Users/treyhuffine/.npm/is-react/0.1.1/package/package.json written
23 silly publish { name: 'is-react',
23 silly publish   version: '0.1.1',
23 silly publish   description: 'Determine if a variable or statement is a React element or component',
23 silly publish   main: 'index.js',
23 silly publish   repository:
23 silly publish    { type: 'git',
23 silly publish      url: 'https://www.github.com/treyhuffine/is-react' },
23 silly publish   author: { name: 'Trey Huffine', email: 'treyhuffine' },
23 silly publish   license: 'MIT',
23 silly publish   dependencies: { react: '^15.5.4' },
23 silly publish   gitHead: '08bfef280471a78d264119a1dae78087f4ee3e87',
23 silly publish   readme: 'ERROR: No README data found!',
23 silly publish   _id: 'is-react@0.1.1',
23 silly publish   scripts: {},
23 silly publish   _shasum: 'cfa688c40a5a34224defea04ef909fd724300565',
23 silly publish   _from: '.' }
24 info lifecycle is-react@0.1.1~prepublishOnly: is-react@0.1.1
25 silly lifecycle is-react@0.1.1~prepublishOnly: no script for prepublishOnly, continuing
26 verbose getPublishConfig undefined
27 silly mapToRegistry name is-react
28 silly mapToRegistry using default registry
29 silly mapToRegistry registry https://registry.npmjs.org/
30 silly mapToRegistry data Result {
30 silly mapToRegistry   raw: 'is-react',
30 silly mapToRegistry   scope: null,
30 silly mapToRegistry   escapedName: 'is-react',
30 silly mapToRegistry   name: 'is-react',
30 silly mapToRegistry   rawSpec: '',
30 silly mapToRegistry   spec: 'latest',
30 silly mapToRegistry   type: 'tag' }
31 silly mapToRegistry uri https://registry.npmjs.org/is-react
32 verbose publish registryBase https://registry.npmjs.org/
33 silly publish uploading /Users/treyhuffine/.npm/is-react/0.1.1/package.tgz
34 verbose request uri https://registry.npmjs.org/is-react
35 verbose request sending authorization for write operation
36 info attempt registry request try #1 at 6:10:13 PM
37 verbose request using bearer token for auth
38 verbose request id 44bdc49af7c6b996
39 http request PUT https://registry.npmjs.org/is-react
40 http 403 https://registry.npmjs.org/is-react
41 verbose headers { 'content-type': 'application/json',
41 verbose headers   'cache-control': 'max-age=300',
41 verbose headers   'content-length': '95',
41 verbose headers   'accept-ranges': 'bytes',
41 verbose headers   date: 'Tue, 16 May 2017 01:10:13 GMT',
41 verbose headers   via: '1.1 varnish',
41 verbose headers   connection: 'keep-alive',
41 verbose headers   'x-served-by': 'cache-sjc3648-SJC',
41 verbose headers   'x-cache': 'MISS',
41 verbose headers   'x-cache-hits': '0',
41 verbose headers   'x-timer': 'S1494897014.666823,VS0,VE132',
41 verbose headers   vary: 'Accept-Encoding' }
42 verbose request invalidating /Users/treyhuffine/.npm/registry.npmjs.org/is-react on PUT
43 error publish Failed PUT 403
44 verbose stack Error: "You cannot publish over the previously published version 0.1.1." : is-react
44 verbose stack     at makeError (/Users/treyhuffine/.npm-packages/lib/node_modules/npm/node_modules/npm-registry-client/lib/request.js:302:12)
44 verbose stack     at CachingRegistryClient.<anonymous> (/Users/treyhuffine/.npm-packages/lib/node_modules/npm/node_modules/npm-registry-client/lib/request.js:290:14)
44 verbose stack     at Request._callback (/Users/treyhuffine/.npm-packages/lib/node_modules/npm/node_modules/npm-registry-client/lib/request.js:210:14)
44 verbose stack     at Request.self.callback (/Users/treyhuffine/.npm-packages/lib/node_modules/npm/node_modules/request/request.js:186:22)
44 verbose stack     at emitTwo (events.js:106:13)
44 verbose stack     at Request.emit (events.js:194:7)
44 verbose stack     at Request.<anonymous> (/Users/treyhuffine/.npm-packages/lib/node_modules/npm/node_modules/request/request.js:1081:10)
44 verbose stack     at emitOne (events.js:96:13)
44 verbose stack     at Request.emit (events.js:191:7)
44 verbose stack     at IncomingMessage.<anonymous> (/Users/treyhuffine/.npm-packages/lib/node_modules/npm/node_modules/request/request.js:1001:12)
45 verbose statusCode 403
46 verbose pkgid is-react
47 verbose cwd /Users/treyhuffine/workspace/is-react
48 error Darwin 15.6.0
49 error argv "/usr/local/bin/node" "/Users/treyhuffine/.npm-packages/bin/npm" "publish"
50 error node v7.10.0
51 error npm  v4.0.2
52 error code E403
53 error "You cannot publish over the previously published version 0.1.1." : is-react
54 error If you need help, you may report this error at:
54 error     <https://github.com/npm/npm/issues>
55 verbose exit [ 1, true ]
